<?xml version="1.0" encoding="UTF-8"?>
<!-- Generated by org.testng.reporters.JUnitReportReporter -->
<testsuite hostname="cotv-devxd051" name="JBPM.HeadlessTestNG" tests="2" failures="0" timestamp="11 Sep 2018 09:33:02 GMT" time="22.246" errors="0">
  <testcase name="LoginToApplication" time="11.845" classname="JBPM.HeadlessTestNG"/>
  <testcase name="Loginfailed" time="10.401" classname="JBPM.HeadlessTestNG"/>
</testsuite> <!-- JBPM.HeadlessTestNG -->
