<?xml version="1.0" encoding="UTF-8"?>
<!-- Generated by org.testng.reporters.JUnitReportReporter -->
<testsuite hostname="cotv-devxd059" name="JIRA.GetJIRA" tests="1" failures="1" timestamp="23 Aug 2018 06:58:26 GMT" time="2.594" errors="0">
  <testcase name="testcase1" time="2.594" classname="JIRA.GetJIRA">
    <failure type="net.rcarz.jiraclient.JiraException" message="Project &#039;Jira Bridge Test (TEST)&#039;  or issue type &#039;Bug&#039; missing from create metadata. Do you have enough permissions?">
      <![CDATA[net.rcarz.jiraclient.JiraException: Project 'Jira Bridge Test (TEST)'  or issue type 'Bug' missing from create metadata. Do you have enough permissions?
	at net.rcarz.jiraclient.Issue.getCreateMetadata(Issue.java:901)
	at net.rcarz.jiraclient.Issue.create(Issue.java:1212)
	at net.rcarz.jiraclient.JiraClient.createIssue(JiraClient.java:106)
	at JIRA.GetJIRA.testcase1(GetJIRA.java:46)
	at sun.reflect.NativeMethodAccessorImpl.invoke0(Native Method)
	at sun.reflect.NativeMethodAccessorImpl.invoke(Unknown Source)
	at sun.reflect.DelegatingMethodAccessorImpl.invoke(Unknown Source)
	at java.lang.reflect.Method.invoke(Unknown Source)
	at org.testng.internal.MethodInvocationHelper.invokeMethod(MethodInvocationHelper.java:84)
	at org.testng.internal.Invoker.invokeMethod(Invoker.java:714)
	at org.testng.internal.Invoker.invokeTestMethod(Invoker.java:901)
	at org.testng.internal.Invoker.invokeTestMethods(Invoker.java:1231)
	at org.testng.internal.TestMethodWorker.invokeTestMethods(TestMethodWorker.java:127)
	at org.testng.internal.TestMethodWorker.run(TestMethodWorker.java:111)
	at org.testng.TestRunner.privateRun(TestRunner.java:767)
	at org.testng.TestRunner.run(TestRunner.java:617)
	at org.testng.SuiteRunner.runTest(SuiteRunner.java:334)
	at org.testng.SuiteRunner.runSequentially(SuiteRunner.java:329)
	at org.testng.SuiteRunner.privateRun(SuiteRunner.java:291)
	at org.testng.SuiteRunner.run(SuiteRunner.java:240)
	at org.testng.SuiteRunnerWorker.runSuite(SuiteRunnerWorker.java:52)
	at org.testng.SuiteRunnerWorker.run(SuiteRunnerWorker.java:86)
	at org.testng.TestNG.runSuitesSequentially(TestNG.java:1224)
	at org.testng.TestNG.runSuitesLocally(TestNG.java:1149)
	at org.testng.TestNG.run(TestNG.java:1057)
	at org.testng.remote.AbstractRemoteTestNG.run(AbstractRemoteTestNG.java:114)
	at org.testng.remote.RemoteTestNG.initAndRun(RemoteTestNG.java:251)
	at org.testng.remote.RemoteTestNG.main(RemoteTestNG.java:77)
]]>
    </failure>
  </testcase> <!-- testcase1 -->
</testsuite> <!-- JIRA.GetJIRA -->
