<?xml version="1.0" encoding="UTF-8"?>
<!-- Generated by org.testng.reporters.JUnitReportReporter -->
<testsuite hostname="cotv-devxd059" name="JBPM.HeadlessTestNG" tests="2" failures="0" timestamp="23 Aug 2018 07:26:35 GMT" time="12.957" errors="0">
  <testcase name="LoginToApplication" time="7.281" classname="JBPM.HeadlessTestNG"/>
  <testcase name="Loginfailed" time="5.676" classname="JBPM.HeadlessTestNG"/>
</testsuite> <!-- JBPM.HeadlessTestNG -->
