<?xml version="1.0" encoding="UTF-8"?>
<!-- Generated by org.testng.reporters.JUnitReportReporter -->
<testsuite hostname="cotv-devxd019" name="JIRA.JRC$JRCTest" tests="1" failures="1" timestamp="30 Aug 2018 09:53:40 GMT" time="1.200" errors="0">
  <testcase name="testGetIssue" time="1.200" classname="JIRA.JRC$JRCTest">
    <failure type="java.lang.NoSuchMethodError" message="com.atlassian.jira.rest.client.internal.json.SearchResultJsonParser: method &lt;init&gt;()V not found">
      <![CDATA[java.lang.NoSuchMethodError: com.atlassian.jira.rest.client.internal.json.SearchResultJsonParser: method <init>()V not found
	at com.atlassian.jira.rest.client.internal.async.AsynchronousSearchRestClient.<init>(AsynchronousSearchRestClient.java:68)
	at com.atlassian.jira.rest.client.internal.async.AsynchronousJiraRestClient.<init>(AsynchronousJiraRestClient.java:53)
	at com.atlassian.jira.rest.client.internal.async.AsynchronousJiraRestClientFactory.create(AsynchronousJiraRestClientFactory.java:37)
	at com.atlassian.jira.rest.client.internal.async.AsynchronousJiraRestClientFactory.createWithBasicHttpAuthentication(AsynchronousJiraRestClientFactory.java:42)
	at JIRA.JRC.getIssue(JRC.java:23)
	at JIRA.JRC$JRCTest.testGetIssue(JRC.java:38)
	at sun.reflect.NativeMethodAccessorImpl.invoke0(Native Method)
	at sun.reflect.NativeMethodAccessorImpl.invoke(Unknown Source)
	at sun.reflect.DelegatingMethodAccessorImpl.invoke(Unknown Source)
	at java.lang.reflect.Method.invoke(Unknown Source)
	at org.testng.internal.MethodInvocationHelper.invokeMethod(MethodInvocationHelper.java:84)
	at org.testng.internal.Invoker.invokeMethod(Invoker.java:714)
	at org.testng.internal.Invoker.invokeTestMethod(Invoker.java:901)
	at org.testng.internal.Invoker.invokeTestMethods(Invoker.java:1231)
	at org.testng.internal.TestMethodWorker.invokeTestMethods(TestMethodWorker.java:127)
	at org.testng.internal.TestMethodWorker.run(TestMethodWorker.java:111)
	at org.testng.TestRunner.privateRun(TestRunner.java:767)
	at org.testng.TestRunner.run(TestRunner.java:617)
	at org.testng.SuiteRunner.runTest(SuiteRunner.java:334)
	at org.testng.SuiteRunner.runSequentially(SuiteRunner.java:329)
	at org.testng.SuiteRunner.privateRun(SuiteRunner.java:291)
	at org.testng.SuiteRunner.run(SuiteRunner.java:240)
	at org.testng.SuiteRunnerWorker.runSuite(SuiteRunnerWorker.java:52)
	at org.testng.SuiteRunnerWorker.run(SuiteRunnerWorker.java:86)
	at org.testng.TestNG.runSuitesSequentially(TestNG.java:1224)
	at org.testng.TestNG.runSuitesLocally(TestNG.java:1149)
	at org.testng.TestNG.run(TestNG.java:1057)
	at org.testng.remote.AbstractRemoteTestNG.run(AbstractRemoteTestNG.java:114)
	at org.testng.remote.RemoteTestNG.initAndRun(RemoteTestNG.java:251)
	at org.testng.remote.RemoteTestNG.main(RemoteTestNG.java:77)
]]>
    </failure>
  </testcase> <!-- testGetIssue -->
</testsuite> <!-- JIRA.JRC$JRCTest -->
