<?xml version="1.0" encoding="UTF-8"?>
<!-- Generated by org.testng.reporters.JUnitReportReporter -->
<testsuite hostname="cotv-devxd076" name="JBPM.LoginPage" tests="2" failures="0" timestamp="20 Aug 2018 12:03:25 GMT" time="23.533" errors="0">
  <testcase name="LoginToApplication" time="10.225" classname="JBPM.LoginPage"/>
  <testcase name="Loginfailed" time="13.308" classname="JBPM.LoginPage"/>
</testsuite> <!-- JBPM.LoginPage -->
